Traceback (most recent call last):
  File "d:\work\anaconda3\envs\dspy37\lib\site-packages\jupyter_cache\executors\utils.py", line 56, in single_nb_execution
    record_timing=False,
  File "d:\work\anaconda3\envs\dspy37\lib\site-packages\nbclient\client.py", line 1082, in execute
    return NotebookClient(nb=nb, resources=resources, km=km, **kwargs).execute()
  File "d:\work\anaconda3\envs\dspy37\lib\site-packages\nbclient\util.py", line 74, in wrapped
    return just_run(coro(*args, **kwargs))
  File "d:\work\anaconda3\envs\dspy37\lib\site-packages\nbclient\util.py", line 53, in just_run
    return loop.run_until_complete(coro)
  File "d:\work\anaconda3\envs\dspy37\lib\asyncio\base_events.py", line 587, in run_until_complete
    return future.result()
  File "d:\work\anaconda3\envs\dspy37\lib\site-packages\nbclient\client.py", line 536, in async_execute
    cell, index, execution_count=self.code_cells_executed + 1
  File "d:\work\anaconda3\envs\dspy37\lib\site-packages\nbclient\client.py", line 827, in async_execute_cell
    self._check_raise_for_error(cell, exec_reply)
  File "d:\work\anaconda3\envs\dspy37\lib\site-packages\nbclient\client.py", line 735, in _check_raise_for_error
    raise CellExecutionError.from_cell_and_msg(cell, exec_reply['content'])
nbclient.exceptions.CellExecutionError: An error occurred while executing the following cell:
------------------
import missingno as msno
msno.matrix(all_df.sample(len(all_df)), figsize=(18, 4), fontsize=12)
------------------

[1;31m---------------------------------------------------------------------------[0m
[1;31mModuleNotFoundError[0m                       Traceback (most recent call last)
[1;32m<ipython-input-9-fe87a0b64a11>[0m in [0;36m<module>[1;34m[0m
[1;32m----> 1[1;33m [1;32mimport[0m [0mmissingno[0m [1;32mas[0m [0mmsno[0m[1;33m[0m[1;33m[0m[0m
[0m[0;32m      2[0m [0mmsno[0m[1;33m.[0m[0mmatrix[0m[1;33m([0m[0mall_df[0m[1;33m.[0m[0msample[0m[1;33m([0m[0mlen[0m[1;33m([0m[0mall_df[0m[1;33m)[0m[1;33m)[0m[1;33m,[0m [0mfigsize[0m[1;33m=[0m[1;33m([0m[1;36m18[0m[1;33m,[0m [1;36m4[0m[1;33m)[0m[1;33m,[0m [0mfontsize[0m[1;33m=[0m[1;36m12[0m[1;33m)[0m[1;33m[0m[1;33m[0m[0m

[1;31mModuleNotFoundError[0m: No module named 'missingno'
ModuleNotFoundError: No module named 'missingno'

